<?xml version="1.0" encoding="UTF-8"?>
<testsuite name="FirstTestGuru" tests="1" skipped="0" failures="0" errors="0" timestamp="2023-03-23T10:52:07" hostname="LENOVO" time="0.018">
  <properties/>
  <testcase name="firstTest()" classname="FirstTestGuru" time="0.018"/>
  <system-out><![CDATA[]]></system-out>
  <system-err><![CDATA[]]></system-err>
</testsuite>
